2021-11-14 17:41:53,618 — logger — INFO — Get result
2021-11-14 17:41:53,619 — logger — INFO — Load predicted.html
2021-11-14 17:41:56,751 — logger — INFO — Someone connect to service
2021-11-14 17:42:12,606 — logger — INFO — Load page with form of prediction
2021-11-14 17:42:12,607 — logger — INFO — Load form.html
2021-11-14 17:42:23,371 — logger — INFO — Load page with form of prediction
2021-11-14 17:42:23,374 — logger — INFO — Custom validate string RUN
2021-11-14 17:42:23,375 — logger — INFO — милано фирменная пицца 5555
2021-11-14 17:42:23,375 — logger — INFO — ['милано', 'фирменная', 'пицца']
2021-11-14 17:42:23,375 — logger — INFO — Custom validate string RUN
2021-11-14 17:42:23,375 — logger — INFO — милано фирменная пицца 5555
2021-11-14 17:42:23,375 — logger — INFO — ['милано', 'фирменная', 'пицца']
2021-11-14 17:42:23,376 — logger — INFO — Data for prediction received
2021-11-14 17:42:23,376 — logger — INFO — Try to predict
2021-11-14 17:42:23,441 — logger — INFO — Data was cleaned
2021-11-14 17:42:23,444 — logger — INFO — Work of extractor was complete
2021-11-14 17:42:23,450 — logger — INFO — Predict complete
2021-11-14 17:42:23,450 — logger — INFO — Start of process getting importance of words
2021-11-14 17:42:23,669 — logger — INFO — Finish of process getting importance of words
2021-11-14 17:42:23,669 — logger — INFO — Normalize importance
2021-11-14 17:42:23,670 — logger — INFO — Get class css for words
2021-11-14 17:42:23,670 — logger — INFO — {'5555': {'class': 'invalid_data', 'imp': 'NaN'}, 'милано': {'class': 'high_negative', 'imp': -3}, 'пицца': {'class': 'another_predict', 'imp': 'another_predict'}, 'фирменная': {'class': 'high_positive', 'imp': 3}}
2021-11-14 17:42:23,670 — logger — INFO — Decode main prediction label
2021-11-14 17:42:23,670 — logger — INFO — Get result
2021-11-14 17:42:23,670 — logger — INFO — Load predicted.html
2021-11-14 17:42:46,155 — logger — INFO — Load page with form of prediction
2021-11-14 17:42:46,156 — logger — INFO — Load form.html
2021-11-14 17:43:00,024 — logger — INFO — Load page with form of prediction
2021-11-14 17:43:00,056 — logger — INFO — Custom validate string RUN
2021-11-14 17:43:00,056 — logger — INFO — суп ща солянка 3423 
2021-11-14 17:43:00,057 — logger — INFO — ['суп', 'ща', 'солянка']
2021-11-14 17:43:00,057 — logger — INFO — Custom validate string RUN
2021-11-14 17:43:00,057 — logger — INFO — суп ща солянка 3423 
2021-11-14 17:43:00,057 — logger — INFO — ['суп', 'ща', 'солянка']
2021-11-14 17:43:00,057 — logger — INFO — Data for prediction received
2021-11-14 17:43:00,058 — logger — INFO — Try to predict
2021-11-14 17:43:00,129 — logger — INFO — Data was cleaned
2021-11-14 17:43:06,939 — logger — INFO — Load page with form of prediction
2021-11-14 17:43:06,944 — logger — INFO — Custom validate string RUN
2021-11-14 17:43:06,944 — logger — INFO — суп щи солянка 3423 
2021-11-14 17:43:06,945 — logger — INFO — ['суп', 'щи', 'солянка']
2021-11-14 17:43:06,945 — logger — INFO — Custom validate string RUN
2021-11-14 17:43:06,945 — logger — INFO — суп щи солянка 3423 
2021-11-14 17:43:06,945 — logger — INFO — ['суп', 'щи', 'солянка']
2021-11-14 17:43:06,946 — logger — INFO — Data for prediction received
2021-11-14 17:43:06,946 — logger — INFO — Try to predict
2021-11-14 17:43:07,008 — logger — INFO — Data was cleaned
2021-11-14 17:43:07,011 — logger — INFO — Work of extractor was complete
2021-11-14 17:43:07,012 — logger — INFO — Predict complete
2021-11-14 17:43:07,013 — logger — INFO — Start of process getting importance of words
2021-11-14 17:43:07,224 — logger — INFO — Finish of process getting importance of words
2021-11-14 17:43:07,224 — logger — INFO — Normalize importance
2021-11-14 17:43:07,224 — logger — INFO — Get class css for words
2021-11-14 17:43:07,224 — logger — INFO — {'суп': {'class': 'low_negative', 'imp': -1}, 'щи': {'class': 'high_negative', 'imp': -3}, 'солянка': {'class': 'high_positive', 'imp': 3}, '3423': {'class': 'invalid_data', 'imp': 'NaN'}}
2021-11-14 17:43:07,224 — logger — INFO — Decode main prediction label
2021-11-14 17:43:07,224 — logger — INFO — Get result
2021-11-14 17:43:07,225 — logger — INFO — Load predicted.html
2021-11-14 17:43:21,715 — logger — INFO — Load page with form of prediction
2021-11-14 17:43:21,718 — logger — INFO — Load form.html
